<?xml version="1.0" encoding="UTF-8"?><testsuite errors="1" failures="0" name="com.another.cardholder.tests.WhenInLoginTest" skipped="0" tests="1" time="96.83" timestamp="2018-10-283 03:24:32"><testcase classname="com.another.cardholder.tests.WhenInLoginTest" name="Check evernote static page"><error message="Could not instantiate class org.openqa.selenium.firefox.FirefoxDriver" type="net.thucydides.core.webdriver.UnsupportedDriverException">Could not instantiate class org.openqa.selenium.firefox.FirefoxDriver</error><system-err>Could not instantiate class org.openqa.selenium.firefox.FirefoxDriver&#13;
com.another.cardholder.steps.LoginStep.open_login_page(LoginStep.java:20)&#13;
com.another.cardholder.tests.WhenInLoginTest.checkEvernoteStaticPage(WhenInLoginTest.java:28)&#13;
org.eclipse.jdt.internal.junit4.runner.JUnit4TestReference.run(JUnit4TestReference.java:89)&#13;
org.eclipse.jdt.internal.junit.runner.TestExecution.run(TestExecution.java:41)&#13;
org.eclipse.jdt.internal.junit.runner.RemoteTestRunner.runTests(RemoteTestRunner.java:541)&#13;
org.eclipse.jdt.internal.junit.runner.RemoteTestRunner.runTests(RemoteTestRunner.java:763)&#13;
org.eclipse.jdt.internal.junit.runner.RemoteTestRunner.run(RemoteTestRunner.java:463)&#13;
org.eclipse.jdt.internal.junit.runner.RemoteTestRunner.main(RemoteTestRunner.java:209)&#13;
</system-err></testcase></testsuite>