<?xml version="1.0" encoding="UTF-8"?><testsuite errors="1" failures="0" name="com.another.cardholder.tests.LoginTest" skipped="0" tests="1" time="0.11" timestamp="2018-10-282 02:51:58"><testcase classname="com.another.cardholder.tests.LoginTest" name="Check evernote static page"><error message="Could not instantiate class org.openqa.selenium.chrome.ChromeDriver" type="net.thucydides.core.webdriver.UnsupportedDriverException">Could not instantiate class org.openqa.selenium.chrome.ChromeDriver</error><system-err>Could not instantiate class org.openqa.selenium.chrome.ChromeDriver&#13;
com.another.cardholder.pages.LoginPage.inputUsername(LoginPage.java:19)&#13;
com.another.cardholder.steps.LoginStep.input_username(LoginStep.java:15)&#13;
com.another.cardholder.tests.LoginTest.checkEvernoteStaticPage(LoginTest.java:27)&#13;
org.eclipse.jdt.internal.junit4.runner.JUnit4TestReference.run(JUnit4TestReference.java:89)&#13;
org.eclipse.jdt.internal.junit.runner.TestExecution.run(TestExecution.java:41)&#13;
org.eclipse.jdt.internal.junit.runner.RemoteTestRunner.runTests(RemoteTestRunner.java:541)&#13;
org.eclipse.jdt.internal.junit.runner.RemoteTestRunner.runTests(RemoteTestRunner.java:763)&#13;
org.eclipse.jdt.internal.junit.runner.RemoteTestRunner.run(RemoteTestRunner.java:463)&#13;
org.eclipse.jdt.internal.junit.runner.RemoteTestRunner.main(RemoteTestRunner.java:209)&#13;
</system-err></testcase></testsuite>